# Logfile created on 2014-02-19 18:25:42 +0300 by logger.rb/36483
D, [2014-02-19T18:25:42.901253 #9426] DEBUG -- : REQUESTING PAGE: GET / with {} and HTTP headers {}
D, [2014-02-19T18:25:43.040702 #9426] DEBUG -- : REQUESTING PAGE: GET /about with {} and HTTP headers {"HTTP_REFERER"=>"/"}
D, [2014-02-19T18:25:43.113770 #9426] DEBUG -- : REQUESTING PAGE: GET /help with {} and HTTP headers {"HTTP_REFERER"=>"/about"}
D, [2014-02-19T18:25:43.138299 #9426] DEBUG -- : REQUESTING PAGE: GET /contact with {} and HTTP headers {"HTTP_REFERER"=>"/help"}
D, [2014-02-19T18:25:43.162924 #9426] DEBUG -- : REQUESTING PAGE: GET / with {} and HTTP headers {"HTTP_REFERER"=>"/contact"}
D, [2014-02-19T18:25:43.187196 #9426] DEBUG -- : REQUESTING PAGE: GET /signup with {} and HTTP headers {"HTTP_REFERER"=>"/"}
D, [2014-02-19T18:26:41.315032 #9457] DEBUG -- : REQUESTING PAGE: GET / with {} and HTTP headers {}
D, [2014-02-19T18:26:41.340708 #9457] DEBUG -- : REQUESTING PAGE: GET /about with {} and HTTP headers {"HTTP_REFERER"=>"/"}
D, [2014-02-19T18:26:41.365820 #9457] DEBUG -- : REQUESTING PAGE: GET /help with {} and HTTP headers {"HTTP_REFERER"=>"/about"}
D, [2014-02-19T18:26:41.437487 #9457] DEBUG -- : REQUESTING PAGE: GET /contact with {} and HTTP headers {"HTTP_REFERER"=>"/help"}
D, [2014-02-19T18:26:41.463088 #9457] DEBUG -- : REQUESTING PAGE: GET / with {} and HTTP headers {"HTTP_REFERER"=>"/contact"}
D, [2014-02-19T18:26:41.487132 #9457] DEBUG -- : REQUESTING PAGE: GET /signup with {} and HTTP headers {"HTTP_REFERER"=>"/"}
D, [2014-02-19T18:26:55.339921 #9460] DEBUG -- : REQUESTING PAGE: GET / with {} and HTTP headers {}
D, [2014-02-19T18:26:55.365270 #9460] DEBUG -- : REQUESTING PAGE: GET /about with {} and HTTP headers {"HTTP_REFERER"=>"/"}
D, [2014-02-19T18:26:55.392488 #9460] DEBUG -- : REQUESTING PAGE: GET /help with {} and HTTP headers {"HTTP_REFERER"=>"/about"}
D, [2014-02-19T18:26:55.464553 #9460] DEBUG -- : REQUESTING PAGE: GET /contact with {} and HTTP headers {"HTTP_REFERER"=>"/help"}
D, [2014-02-19T18:26:55.489035 #9460] DEBUG -- : REQUESTING PAGE: GET / with {} and HTTP headers {"HTTP_REFERER"=>"/contact"}
D, [2014-02-19T18:26:55.513245 #9460] DEBUG -- : REQUESTING PAGE: GET /signup with {} and HTTP headers {"HTTP_REFERER"=>"/"}
D, [2014-02-19T21:51:20.354104 #4482] DEBUG -- : REQUESTING PAGE: GET / with {} and HTTP headers {}
D, [2014-02-19T21:51:20.454054 #4482] DEBUG -- : REQUESTING PAGE: GET /about with {} and HTTP headers {"HTTP_REFERER"=>"/"}
D, [2014-02-19T21:51:20.481144 #4482] DEBUG -- : REQUESTING PAGE: GET /help with {} and HTTP headers {"HTTP_REFERER"=>"/about"}
D, [2014-02-19T21:51:20.507983 #4482] DEBUG -- : REQUESTING PAGE: GET /contact with {} and HTTP headers {"HTTP_REFERER"=>"/help"}
D, [2014-02-19T21:51:20.586127 #4482] DEBUG -- : REQUESTING PAGE: GET / with {} and HTTP headers {"HTTP_REFERER"=>"/contact"}
D, [2014-02-19T21:51:20.611734 #4482] DEBUG -- : REQUESTING PAGE: GET /signup with {} and HTTP headers {"HTTP_REFERER"=>"/"}
D, [2014-02-27T15:41:56.263306 #20212] DEBUG -- : REQUESTING PAGE: GET / with {} and HTTP headers {}
D, [2014-02-27T15:41:56.359167 #20212] DEBUG -- : REQUESTING PAGE: GET /about with {} and HTTP headers {"HTTP_REFERER"=>"/"}
D, [2014-02-27T15:41:56.446384 #20212] DEBUG -- : REQUESTING PAGE: GET /help with {} and HTTP headers {"HTTP_REFERER"=>"/about"}
D, [2014-02-27T15:41:56.615299 #20212] DEBUG -- : REQUESTING PAGE: GET /contact with {} and HTTP headers {"HTTP_REFERER"=>"/help"}
D, [2014-02-27T15:41:56.641500 #20212] DEBUG -- : REQUESTING PAGE: GET / with {} and HTTP headers {"HTTP_REFERER"=>"/contact"}
D, [2014-02-27T15:41:56.666461 #20212] DEBUG -- : REQUESTING PAGE: GET /signup with {} and HTTP headers {"HTTP_REFERER"=>"/"}
D, [2014-02-28T11:38:28.458980 #12641] DEBUG -- : REQUESTING PAGE: GET /signup with {} and HTTP headers {}
D, [2014-02-28T11:38:28.824355 #12641] DEBUG -- : REQUESTING PAGE: POST /users with {"utf8"=>"✓", "user"=>{"name"=>"", "email"=>"", "password"=>"", "password_confirmation"=>""}, "commit"=>"Sign up"} and HTTP headers {"HTTP_REFERER"=>"/signup"}
D, [2014-02-28T12:07:08.234804 #13119] DEBUG -- : REQUESTING PAGE: GET /signup with {} and HTTP headers {}
D, [2014-02-28T12:07:08.535198 #13119] DEBUG -- : REQUESTING PAGE: POST /users with {"utf8"=>"✓", "user"=>{"name"=>"", "email"=>"", "password"=>"", "password_confirmation"=>""}, "commit"=>"Sign up"} and HTTP headers {"HTTP_REFERER"=>"/signup"}
D, [2014-02-28T12:24:21.902367 #14635] DEBUG -- : REQUESTING PAGE: GET /signup with {} and HTTP headers {}
D, [2014-02-28T12:24:22.178470 #14635] DEBUG -- : REQUESTING PAGE: POST /users with {"utf8"=>"✓", "user"=>{"name"=>"Example User", "email"=>"user@example.com", "password"=>"foobar", "password_confirmation"=>"foobar"}, "commit"=>"Sign up"} and HTTP headers {"HTTP_REFERER"=>"/signup"}
D, [2014-02-28T12:24:22.277361 #14635] DEBUG -- : REQUESTING PAGE: GET /signup with {} and HTTP headers {}
D, [2014-02-28T12:24:22.310193 #14635] DEBUG -- : REQUESTING PAGE: POST /users with {"utf8"=>"✓", "user"=>{"name"=>"", "email"=>"", "password"=>"", "password_confirmation"=>""}, "commit"=>"Sign up"} and HTTP headers {"HTTP_REFERER"=>"/signup"}
D, [2014-02-28T12:27:00.820845 #14697] DEBUG -- : REQUESTING PAGE: GET /signup with {} and HTTP headers {}
D, [2014-02-28T12:27:01.021837 #14697] DEBUG -- : REQUESTING PAGE: POST /users with {"utf8"=>"✓", "user"=>{"name"=>"", "email"=>"", "password"=>"", "password_confirmation"=>""}, "commit"=>"Sign up"} and HTTP headers {"HTTP_REFERER"=>"/signup"}
D, [2014-02-28T12:27:01.124004 #14697] DEBUG -- : REQUESTING PAGE: GET /signup with {} and HTTP headers {}
D, [2014-02-28T12:27:01.156850 #14697] DEBUG -- : REQUESTING PAGE: POST /users with {"utf8"=>"✓", "user"=>{"name"=>"Example User", "email"=>"user@example.com", "password"=>"foobar12", "password_confirmation"=>"foobar12"}, "commit"=>"Sign up"} and HTTP headers {"HTTP_REFERER"=>"/signup"}
D, [2014-02-28T12:27:01.852533 #14697] DEBUG -- : REQUESTING PAGE: GET http://www.example.com/users/1 with {} and HTTP headers {"HTTP_REFERER"=>"/users"}
D, [2014-03-01T14:56:56.222521 #11857] DEBUG -- : REQUESTING PAGE: GET / with {} and HTTP headers {}
D, [2014-03-01T14:56:56.255477 #11857] DEBUG -- : REQUESTING PAGE: GET /about with {} and HTTP headers {"HTTP_REFERER"=>"/"}
D, [2014-03-01T14:56:56.283293 #11857] DEBUG -- : REQUESTING PAGE: GET /help with {} and HTTP headers {"HTTP_REFERER"=>"/about"}
D, [2014-03-01T14:56:56.365468 #11857] DEBUG -- : REQUESTING PAGE: GET /contact with {} and HTTP headers {"HTTP_REFERER"=>"/help"}
D, [2014-03-01T14:56:56.391993 #11857] DEBUG -- : REQUESTING PAGE: GET / with {} and HTTP headers {"HTTP_REFERER"=>"/contact"}
D, [2014-03-01T14:56:56.418002 #11857] DEBUG -- : REQUESTING PAGE: GET /signup with {} and HTTP headers {"HTTP_REFERER"=>"/"}
D, [2014-03-01T14:56:58.375636 #11857] DEBUG -- : REQUESTING PAGE: GET /signup with {} and HTTP headers {}
D, [2014-03-01T14:56:59.195644 #11857] DEBUG -- : REQUESTING PAGE: POST /users with {"utf8"=>"✓", "user"=>{"name"=>"Example User", "email"=>"user@example.com", "password"=>"foobar12", "password_confirmation"=>"foobar12"}, "commit"=>"Sign up"} and HTTP headers {"HTTP_REFERER"=>"/signup"}
D, [2014-03-01T14:56:59.271341 #11857] DEBUG -- : REQUESTING PAGE: GET http://www.example.com/users/1 with {} and HTTP headers {"HTTP_REFERER"=>"/users"}
D, [2014-03-01T14:56:59.362305 #11857] DEBUG -- : REQUESTING PAGE: GET /signup with {} and HTTP headers {}
D, [2014-03-01T14:56:59.397583 #11857] DEBUG -- : REQUESTING PAGE: POST /users with {"utf8"=>"✓", "user"=>{"name"=>"", "email"=>"", "password"=>"", "password_confirmation"=>""}, "commit"=>"Sign up"} and HTTP headers {"HTTP_REFERER"=>"/signup"}
D, [2014-03-01T14:59:30.037671 #11899] DEBUG -- : REQUESTING PAGE: GET / with {} and HTTP headers {}
D, [2014-03-01T14:59:30.064038 #11899] DEBUG -- : REQUESTING PAGE: GET /about with {} and HTTP headers {"HTTP_REFERER"=>"/"}
D, [2014-03-01T14:59:30.090242 #11899] DEBUG -- : REQUESTING PAGE: GET /help with {} and HTTP headers {"HTTP_REFERER"=>"/about"}
D, [2014-03-01T14:59:30.116387 #11899] DEBUG -- : REQUESTING PAGE: GET /contact with {} and HTTP headers {"HTTP_REFERER"=>"/help"}
D, [2014-03-01T14:59:30.142327 #11899] DEBUG -- : REQUESTING PAGE: GET / with {} and HTTP headers {"HTTP_REFERER"=>"/contact"}
D, [2014-03-01T14:59:30.168188 #11899] DEBUG -- : REQUESTING PAGE: GET /signup with {} and HTTP headers {"HTTP_REFERER"=>"/"}
D, [2014-03-01T14:59:30.338593 #11899] DEBUG -- : REQUESTING PAGE: GET /signup with {} and HTTP headers {}
D, [2014-03-01T14:59:30.881355 #11899] DEBUG -- : REQUESTING PAGE: POST /users with {"utf8"=>"✓", "user"=>{"name"=>"", "email"=>"", "password"=>"", "password_confirmation"=>""}, "commit"=>"Sign up"} and HTTP headers {"HTTP_REFERER"=>"/signup"}
D, [2014-03-01T14:59:30.942361 #11899] DEBUG -- : REQUESTING PAGE: GET /signup with {} and HTTP headers {}
D, [2014-03-01T14:59:31.033908 #11899] DEBUG -- : REQUESTING PAGE: POST /users with {"utf8"=>"✓", "user"=>{"name"=>"Example User", "email"=>"user@example.com", "password"=>"foobar12", "password_confirmation"=>"foobar12"}, "commit"=>"Sign up"} and HTTP headers {"HTTP_REFERER"=>"/signup"}
D, [2014-03-01T14:59:31.134428 #11899] DEBUG -- : REQUESTING PAGE: GET http://www.example.com/users/1 with {} and HTTP headers {"HTTP_REFERER"=>"/users"}
D, [2014-03-01T16:10:46.694222 #13312] DEBUG -- : REQUESTING PAGE: GET / with {} and HTTP headers {}
D, [2014-03-01T16:10:46.726985 #13312] DEBUG -- : REQUESTING PAGE: GET /about with {} and HTTP headers {"HTTP_REFERER"=>"/"}
D, [2014-03-01T16:10:46.752834 #13312] DEBUG -- : REQUESTING PAGE: GET /help with {} and HTTP headers {"HTTP_REFERER"=>"/about"}
D, [2014-03-01T16:10:46.778774 #13312] DEBUG -- : REQUESTING PAGE: GET /contact with {} and HTTP headers {"HTTP_REFERER"=>"/help"}
D, [2014-03-01T16:10:46.805414 #13312] DEBUG -- : REQUESTING PAGE: GET / with {} and HTTP headers {"HTTP_REFERER"=>"/contact"}
D, [2014-03-01T16:10:46.832428 #13312] DEBUG -- : REQUESTING PAGE: GET /signup with {} and HTTP headers {"HTTP_REFERER"=>"/"}
D, [2014-03-01T16:10:46.866839 #13312] DEBUG -- : REQUESTING PAGE: GET / with {} and HTTP headers {}
D, [2014-03-01T16:10:46.952590 #13312] DEBUG -- : REQUESTING PAGE: GET / with {} and HTTP headers {}
D, [2014-03-01T16:21:53.451850 #13896] DEBUG -- : REQUESTING PAGE: GET / with {} and HTTP headers {}
D, [2014-03-01T16:21:53.970056 #13896] DEBUG -- : REQUESTING PAGE: GET /about with {} and HTTP headers {"HTTP_REFERER"=>"/"}
D, [2014-03-01T16:21:54.011225 #13896] DEBUG -- : REQUESTING PAGE: GET /help with {} and HTTP headers {"HTTP_REFERER"=>"/about"}
D, [2014-03-01T16:21:54.050516 #13896] DEBUG -- : REQUESTING PAGE: GET /contact with {} and HTTP headers {"HTTP_REFERER"=>"/help"}
D, [2014-03-01T16:21:54.080696 #13896] DEBUG -- : REQUESTING PAGE: GET / with {} and HTTP headers {"HTTP_REFERER"=>"/contact"}
D, [2014-03-01T16:21:54.108271 #13896] DEBUG -- : REQUESTING PAGE: GET /signup with {} and HTTP headers {"HTTP_REFERER"=>"/"}
D, [2014-03-01T16:21:54.462205 #13896] DEBUG -- : REQUESTING PAGE: GET / with {} and HTTP headers {}
D, [2014-03-01T16:21:54.543500 #13896] DEBUG -- : REQUESTING PAGE: GET / with {} and HTTP headers {}
D, [2014-03-01T16:51:14.064073 #14544] DEBUG -- : REQUESTING PAGE: GET /signin with {} and HTTP headers {}
D, [2014-03-01T16:51:14.633663 #14544] DEBUG -- : REQUESTING PAGE: POST /sessions with {"utf8"=>"✓", "session"=>{"email"=>"", "password"=>""}, "commit"=>"Sign in"} and HTTP headers {"HTTP_REFERER"=>"/signin"}
D, [2014-03-01T16:51:14.683749 #14544] DEBUG -- : REQUESTING PAGE: GET /signup with {} and HTTP headers {}
D, [2014-03-01T16:51:14.842233 #14544] DEBUG -- : REQUESTING PAGE: POST /users with {"utf8"=>"✓", "user"=>{"name"=>"", "email"=>"", "password"=>"", "password_confirmation"=>""}, "commit"=>"Sign up"} and HTTP headers {"HTTP_REFERER"=>"/signup"}
D, [2014-03-01T16:51:14.913217 #14544] DEBUG -- : REQUESTING PAGE: GET /signup with {} and HTTP headers {}
D, [2014-03-01T16:51:14.949058 #14544] DEBUG -- : REQUESTING PAGE: POST /users with {"utf8"=>"✓", "user"=>{"name"=>"Example User", "email"=>"user@example.com", "password"=>"foobar12", "password_confirmation"=>"foobar12"}, "commit"=>"Sign up"} and HTTP headers {"HTTP_REFERER"=>"/signup"}
D, [2014-03-01T16:51:15.162269 #14544] DEBUG -- : REQUESTING PAGE: GET http://www.example.com/users/1 with {} and HTTP headers {"HTTP_REFERER"=>"/users"}
D, [2014-03-01T17:10:06.814175 #3344] DEBUG -- : REQUESTING PAGE: GET /signin with {} and HTTP headers {}
D, [2014-03-01T17:10:07.177282 #3344] DEBUG -- : REQUESTING PAGE: POST /sessions with {"utf8"=>"✓", "session"=>{"email"=>"", "password"=>""}, "commit"=>"Sign in"} and HTTP headers {"HTTP_REFERER"=>"/signin"}
D, [2014-03-01T17:10:07.230943 #3344] DEBUG -- : REQUESTING PAGE: GET /signup with {} and HTTP headers {}
D, [2014-03-01T17:10:07.385603 #3344] DEBUG -- : REQUESTING PAGE: POST /users with {"utf8"=>"✓", "user"=>{"name"=>"Example User", "email"=>"user@example.com", "password"=>"foobar12", "password_confirmation"=>"foobar12"}, "commit"=>"Sign up"} and HTTP headers {"HTTP_REFERER"=>"/signup"}
D, [2014-03-01T17:10:07.440494 #3344] DEBUG -- : REQUESTING PAGE: GET http://www.example.com/users/1 with {} and HTTP headers {"HTTP_REFERER"=>"/users"}
D, [2014-03-01T17:10:07.493441 #3344] DEBUG -- : REQUESTING PAGE: GET /signup with {} and HTTP headers {}
D, [2014-03-01T17:10:07.529087 #3344] DEBUG -- : REQUESTING PAGE: POST /users with {"utf8"=>"✓", "user"=>{"name"=>"", "email"=>"", "password"=>"", "password_confirmation"=>""}, "commit"=>"Sign up"} and HTTP headers {"HTTP_REFERER"=>"/signup"}
<<<<<<< HEAD
D, [2014-03-02T11:39:54.110424 #5446] DEBUG -- : REQUESTING PAGE: GET / with {} and HTTP headers {}
D, [2014-03-02T11:39:54.832432 #5446] DEBUG -- : REQUESTING PAGE: GET /about with {} and HTTP headers {"HTTP_REFERER"=>"/"}
D, [2014-03-02T11:39:54.860143 #5446] DEBUG -- : REQUESTING PAGE: GET /help with {} and HTTP headers {"HTTP_REFERER"=>"/about"}
D, [2014-03-02T11:39:54.887866 #5446] DEBUG -- : REQUESTING PAGE: GET /contact with {} and HTTP headers {"HTTP_REFERER"=>"/help"}
D, [2014-03-02T11:39:54.915381 #5446] DEBUG -- : REQUESTING PAGE: GET / with {} and HTTP headers {"HTTP_REFERER"=>"/contact"}
D, [2014-03-02T11:39:54.943085 #5446] DEBUG -- : REQUESTING PAGE: GET /signup with {} and HTTP headers {"HTTP_REFERER"=>"/"}
D, [2014-03-02T11:39:55.039662 #5446] DEBUG -- : REQUESTING PAGE: GET / with {} and HTTP headers {}
D, [2014-03-02T11:39:55.072233 #5446] DEBUG -- : REQUESTING PAGE: GET /signup with {} and HTTP headers {}
D, [2014-03-02T11:39:55.109248 #5446] DEBUG -- : REQUESTING PAGE: POST /users with {"utf8"=>"✓", "user"=>{"name"=>"", "email"=>"", "password"=>"", "password_confirmation"=>""}, "commit"=>"Sign up"} and HTTP headers {"HTTP_REFERER"=>"/signup"}
D, [2014-03-02T11:39:55.158846 #5446] DEBUG -- : REQUESTING PAGE: GET /signup with {} and HTTP headers {}
D, [2014-03-02T11:39:55.194858 #5446] DEBUG -- : REQUESTING PAGE: POST /users with {"utf8"=>"✓", "user"=>{"name"=>"Example User", "email"=>"user@example.com", "password"=>"foobar12", "password_confirmation"=>"foobar12"}, "commit"=>"Sign up"} and HTTP headers {"HTTP_REFERER"=>"/signup"}
D, [2014-03-02T11:39:55.205830 #5446] DEBUG -- : REQUESTING PAGE: GET http://www.example.com/users/1 with {} and HTTP headers {"HTTP_REFERER"=>"/users"}
D, [2014-03-02T11:39:55.251943 #5446] DEBUG -- : REQUESTING PAGE: GET /signin with {} and HTTP headers {}
D, [2014-03-02T11:39:55.341813 #5446] DEBUG -- : REQUESTING PAGE: POST /sessions with {"utf8"=>"✓", "session"=>{"email"=>"", "password"=>""}, "commit"=>"Sign in"} and HTTP headers {"HTTP_REFERER"=>"/signin"}
=======
D, [2014-03-03T12:44:40.531969 #7805] DEBUG -- : REQUESTING PAGE: GET /users/1/edit with {} and HTTP headers {}
D, [2014-03-03T12:44:40.670238 #7805] DEBUG -- : REQUESTING PAGE: GET http://www.example.com/signin with {} and HTTP headers {"HTTP_REFERER"=>"/users/1/edit"}
D, [2014-03-03T12:45:46.590932 #7820] DEBUG -- : REQUESTING PAGE: GET /users/1/edit with {} and HTTP headers {}
D, [2014-03-03T12:45:46.714269 #7820] DEBUG -- : REQUESTING PAGE: GET http://www.example.com/signin with {} and HTTP headers {"HTTP_REFERER"=>"/users/1/edit"}
D, [2014-03-03T12:46:45.273176 #7832] DEBUG -- : REQUESTING PAGE: GET /users/1/edit with {} and HTTP headers {}
D, [2014-03-03T12:46:45.342509 #7832] DEBUG -- : REQUESTING PAGE: GET http://www.example.com/signin with {} and HTTP headers {"HTTP_REFERER"=>"/users/1/edit"}
D, [2014-03-03T12:46:45.545347 #7832] DEBUG -- : REQUESTING PAGE: POST /sessions with {"utf8"=>"✓", "session"=>{"email"=>"bibangamba@zahard.com", "password"=>"hazahard"}, "commit"=>"Sign in"} and HTTP headers {"HTTP_REFERER"=>"http://www.example.com/signin"}
D, [2014-03-03T12:46:45.579506 #7832] DEBUG -- : REQUESTING PAGE: GET http://www.example.com/users/1 with {} and HTTP headers {"HTTP_REFERER"=>"/sessions"}
D, [2014-03-03T12:55:19.693476 #7957] DEBUG -- : REQUESTING PAGE: GET /users/1/edit with {} and HTTP headers {}
D, [2014-03-03T12:55:19.767185 #7957] DEBUG -- : REQUESTING PAGE: GET http://www.example.com/signin with {} and HTTP headers {"HTTP_REFERER"=>"/users/1/edit"}
D, [2014-03-03T12:55:19.890190 #7957] DEBUG -- : REQUESTING PAGE: POST /sessions with {"utf8"=>"✓", "session"=>{"email"=>"bibangamba@zahard.com", "password"=>"hazahard"}, "commit"=>"Sign in"} and HTTP headers {"HTTP_REFERER"=>"http://www.example.com/signin"}
D, [2014-03-03T12:55:19.918853 #7957] DEBUG -- : REQUESTING PAGE: GET http://www.example.com/users/1 with {} and HTTP headers {"HTTP_REFERER"=>"/sessions"}
D, [2014-03-03T12:57:27.059422 #7987] DEBUG -- : REQUESTING PAGE: GET /users/1/edit with {} and HTTP headers {}
D, [2014-03-03T12:57:27.128167 #7987] DEBUG -- : REQUESTING PAGE: GET http://www.example.com/signin with {} and HTTP headers {"HTTP_REFERER"=>"/users/1/edit"}
D, [2014-03-03T12:57:27.252354 #7987] DEBUG -- : REQUESTING PAGE: POST /sessions with {"utf8"=>"✓", "session"=>{"email"=>"bibangamba@zahard.com", "password"=>"hazahard"}, "commit"=>"Sign in"} and HTTP headers {"HTTP_REFERER"=>"http://www.example.com/signin"}
D, [2014-03-03T12:57:27.278212 #7987] DEBUG -- : REQUESTING PAGE: GET http://www.example.com/users/1/edit with {} and HTTP headers {"HTTP_REFERER"=>"/sessions"}
>>>>>>> updating-users
D, [2014-03-09T17:59:59.231926 #14921] DEBUG -- : REQUESTING PAGE: GET /signin with {} and HTTP headers {}
D, [2014-03-09T17:59:59.530926 #14921] DEBUG -- : REQUESTING PAGE: POST /sessions with {"utf8"=>"✓", "session"=>{"email"=>"bibangamba@gmail.com", "password"=>"yurizahard"}, "commit"=>"Sign in"} and HTTP headers {"HTTP_REFERER"=>"/signin"}
D, [2014-03-09T17:59:59.542433 #14921] DEBUG -- : REQUESTING PAGE: GET http://www.example.com/users/1 with {} and HTTP headers {"HTTP_REFERER"=>"/sessions"}
D, [2014-03-09T17:59:59.605462 #14921] DEBUG -- : REQUESTING PAGE: GET / with {} and HTTP headers {"HTTP_REFERER"=>"http://www.example.com/users/1"}
D, [2014-03-09T17:59:59.723045 #14921] DEBUG -- : REQUESTING PAGE: POST /microposts with {"utf8"=>"✓", "micropost"=>{"content"=>""}, "commit"=>"Submit"} and HTTP headers {"HTTP_REFERER"=>"/"}
D, [2014-03-09T17:59:59.778002 #14921] DEBUG -- : REQUESTING PAGE: GET /signin with {} and HTTP headers {}
D, [2014-03-09T17:59:59.809406 #14921] DEBUG -- : REQUESTING PAGE: POST /sessions with {"utf8"=>"✓", "session"=>{"email"=>"bibangamba@gmail.com", "password"=>"yurizahard"}, "commit"=>"Sign in"} and HTTP headers {"HTTP_REFERER"=>"/signin"}
D, [2014-03-09T17:59:59.817233 #14921] DEBUG -- : REQUESTING PAGE: GET http://www.example.com/users/1 with {} and HTTP headers {"HTTP_REFERER"=>"/sessions"}
D, [2014-03-09T17:59:59.853166 #14921] DEBUG -- : REQUESTING PAGE: GET / with {} and HTTP headers {"HTTP_REFERER"=>"http://www.example.com/users/1"}
D, [2014-03-09T17:59:59.891631 #14921] DEBUG -- : REQUESTING PAGE: POST /microposts with {"utf8"=>"✓", "micropost"=>{"content"=>"Lorem ipsum dolor sit amet"}, "commit"=>"Submit"} and HTTP headers {"HTTP_REFERER"=>"/"}
D, [2014-03-09T17:59:59.905655 #14921] DEBUG -- : REQUESTING PAGE: GET http://www.example.com/ with {} and HTTP headers {"HTTP_REFERER"=>"/microposts"}
D, [2014-06-10T16:00:06.406037 #3422] DEBUG -- : REQUESTING PAGE: GET /signin with {} and HTTP headers {}
D, [2014-06-10T16:00:06.861209 #3422] DEBUG -- : REQUESTING PAGE: GET /signup with {} and HTTP headers {}
D, [2014-06-10T16:00:06.875240 #3422] DEBUG -- : REQUESTING PAGE: GET /signup with {} and HTTP headers {}
D, [2014-06-10T16:00:07.121195 #3422] DEBUG -- : REQUESTING PAGE: GET / with {} and HTTP headers {}
D, [2014-06-10T16:00:07.151387 #3422] DEBUG -- : REQUESTING PAGE: GET /about with {} and HTTP headers {"HTTP_REFERER"=>"/"}
D, [2014-06-10T16:00:07.180703 #3422] DEBUG -- : REQUESTING PAGE: GET /help with {} and HTTP headers {"HTTP_REFERER"=>"/about"}
D, [2014-06-10T16:00:07.215031 #3422] DEBUG -- : REQUESTING PAGE: GET /contact with {} and HTTP headers {"HTTP_REFERER"=>"/help"}
D, [2014-06-10T16:00:07.243693 #3422] DEBUG -- : REQUESTING PAGE: GET / with {} and HTTP headers {"HTTP_REFERER"=>"/contact"}
D, [2014-06-10T16:00:07.274959 #3422] DEBUG -- : REQUESTING PAGE: GET /signup with {} and HTTP headers {"HTTP_REFERER"=>"/"}
D, [2014-06-10T16:00:07.289865 #3422] DEBUG -- : REQUESTING PAGE: GET / with {} and HTTP headers {}
D, [2014-06-28T12:09:31.639168 #3843] DEBUG -- : REQUESTING PAGE: GET / with {} and HTTP headers {}
D, [2014-06-28T12:09:31.667511 #3843] DEBUG -- : REQUESTING PAGE: GET /about with {} and HTTP headers {"HTTP_REFERER"=>"/"}
D, [2014-06-28T12:09:31.695966 #3843] DEBUG -- : REQUESTING PAGE: GET /help with {} and HTTP headers {"HTTP_REFERER"=>"/about"}
D, [2014-06-28T12:09:31.723951 #3843] DEBUG -- : REQUESTING PAGE: GET /contact with {} and HTTP headers {"HTTP_REFERER"=>"/help"}
D, [2014-06-28T12:09:31.816586 #3843] DEBUG -- : REQUESTING PAGE: GET / with {} and HTTP headers {"HTTP_REFERER"=>"/contact"}
D, [2014-06-28T12:09:31.845877 #3843] DEBUG -- : REQUESTING PAGE: GET /signup with {} and HTTP headers {"HTTP_REFERER"=>"/"}
D, [2014-06-28T12:09:31.879020 #3843] DEBUG -- : REQUESTING PAGE: GET / with {} and HTTP headers {}
D, [2014-06-28T12:09:32.925797 #3843] DEBUG -- : REQUESTING PAGE: GET /users/1/edit with {} and HTTP headers {}
D, [2014-06-28T12:09:32.932029 #3843] DEBUG -- : REQUESTING PAGE: GET http://www.example.com/signin with {} and HTTP headers {"HTTP_REFERER"=>"/users/1/edit"}
D, [2014-06-28T12:09:33.758580 #3843] DEBUG -- : REQUESTING PAGE: GET /signin with {} and HTTP headers {}
D, [2014-06-28T12:09:33.863805 #3843] DEBUG -- : REQUESTING PAGE: GET /signin with {} and HTTP headers {}
D, [2014-06-28T12:09:37.402557 #3843] DEBUG -- : REQUESTING PAGE: GET /signup with {} and HTTP headers {}
D, [2014-06-28T12:09:37.436865 #3843] DEBUG -- : REQUESTING PAGE: GET /signup with {} and HTTP headers {}
D, [2014-06-28T12:09:37.542729 #3843] DEBUG -- : REQUESTING PAGE: GET /signin with {} and HTTP headers {}
D, [2014-06-28T12:16:24.255284 #3961] DEBUG -- : REQUESTING PAGE: GET /signup with {} and HTTP headers {}
D, [2014-06-28T12:16:24.464074 #3961] DEBUG -- : REQUESTING PAGE: GET /signup with {} and HTTP headers {}
D, [2014-06-28T12:16:24.558789 #3961] DEBUG -- : REQUESTING PAGE: GET /signin with {} and HTTP headers {}
D, [2014-06-28T12:16:25.800155 #3961] DEBUG -- : REQUESTING PAGE: GET / with {} and HTTP headers {}
D, [2014-06-28T12:16:25.828135 #3961] DEBUG -- : REQUESTING PAGE: GET /about with {} and HTTP headers {"HTTP_REFERER"=>"/"}
D, [2014-06-28T12:16:25.921763 #3961] DEBUG -- : REQUESTING PAGE: GET /help with {} and HTTP headers {"HTTP_REFERER"=>"/about"}
D, [2014-06-28T12:16:25.951284 #3961] DEBUG -- : REQUESTING PAGE: GET /contact with {} and HTTP headers {"HTTP_REFERER"=>"/help"}
D, [2014-06-28T12:16:25.978588 #3961] DEBUG -- : REQUESTING PAGE: GET / with {} and HTTP headers {"HTTP_REFERER"=>"/contact"}
D, [2014-06-28T12:16:26.006796 #3961] DEBUG -- : REQUESTING PAGE: GET /signup with {} and HTTP headers {"HTTP_REFERER"=>"/"}
D, [2014-06-28T12:16:26.098178 #3961] DEBUG -- : REQUESTING PAGE: GET / with {} and HTTP headers {}
D, [2014-06-28T12:16:29.120047 #3961] DEBUG -- : REQUESTING PAGE: GET /users/1/edit with {} and HTTP headers {}
D, [2014-06-28T12:16:29.126358 #3961] DEBUG -- : REQUESTING PAGE: GET http://www.example.com/signin with {} and HTTP headers {"HTTP_REFERER"=>"/users/1/edit"}
D, [2014-06-28T12:16:29.163115 #3961] DEBUG -- : REQUESTING PAGE: GET /signin with {} and HTTP headers {}
D, [2014-06-28T12:16:29.199093 #3961] DEBUG -- : REQUESTING PAGE: GET /signin with {} and HTTP headers {}
D, [2014-06-28T12:23:09.644563 #4143] DEBUG -- : REQUESTING PAGE: GET /signup with {} and HTTP headers {}
D, [2014-06-28T12:23:09.834826 #4143] DEBUG -- : REQUESTING PAGE: GET /signup with {} and HTTP headers {}
D, [2014-06-28T12:23:09.925518 #4143] DEBUG -- : REQUESTING PAGE: GET /signin with {} and HTTP headers {}
D, [2014-06-28T12:23:10.574484 #4143] DEBUG -- : REQUESTING PAGE: GET /users/1/edit with {} and HTTP headers {}
D, [2014-06-28T12:23:10.580715 #4143] DEBUG -- : REQUESTING PAGE: GET http://www.example.com/signin with {} and HTTP headers {"HTTP_REFERER"=>"/users/1/edit"}
D, [2014-06-28T12:23:13.392614 #4143] DEBUG -- : REQUESTING PAGE: GET / with {} and HTTP headers {}
D, [2014-06-28T12:23:13.424615 #4143] DEBUG -- : REQUESTING PAGE: GET /about with {} and HTTP headers {"HTTP_REFERER"=>"/"}
D, [2014-06-28T12:23:13.455098 #4143] DEBUG -- : REQUESTING PAGE: GET /help with {} and HTTP headers {"HTTP_REFERER"=>"/about"}
D, [2014-06-28T12:23:13.483774 #4143] DEBUG -- : REQUESTING PAGE: GET /contact with {} and HTTP headers {"HTTP_REFERER"=>"/help"}
D, [2014-06-28T12:23:13.512310 #4143] DEBUG -- : REQUESTING PAGE: GET / with {} and HTTP headers {"HTTP_REFERER"=>"/contact"}
D, [2014-06-28T12:23:13.607967 #4143] DEBUG -- : REQUESTING PAGE: GET /signup with {} and HTTP headers {"HTTP_REFERER"=>"/"}
D, [2014-06-28T12:23:13.788578 #4143] DEBUG -- : REQUESTING PAGE: GET / with {} and HTTP headers {}
D, [2014-06-28T13:02:11.589437 #5792] DEBUG -- : REQUESTING PAGE: GET /signup with {} and HTTP headers {}
D, [2014-06-28T13:02:11.722922 #5792] DEBUG -- : REQUESTING PAGE: GET /signup with {} and HTTP headers {}
D, [2014-06-28T13:02:11.805704 #5792] DEBUG -- : REQUESTING PAGE: GET /signin with {} and HTTP headers {}
D, [2014-06-28T13:02:11.845675 #5792] DEBUG -- : REQUESTING PAGE: GET /users/1/edit with {} and HTTP headers {}
D, [2014-06-28T13:02:11.851989 #5792] DEBUG -- : REQUESTING PAGE: GET http://www.example.com/signin with {} and HTTP headers {"HTTP_REFERER"=>"/users/1/edit"}
D, [2014-06-28T13:02:15.340223 #5792] DEBUG -- : REQUESTING PAGE: GET / with {} and HTTP headers {}
D, [2014-06-28T13:02:15.368728 #5792] DEBUG -- : REQUESTING PAGE: GET /about with {} and HTTP headers {"HTTP_REFERER"=>"/"}
D, [2014-06-28T13:02:15.395738 #5792] DEBUG -- : REQUESTING PAGE: GET /help with {} and HTTP headers {"HTTP_REFERER"=>"/about"}
D, [2014-06-28T13:02:15.482592 #5792] DEBUG -- : REQUESTING PAGE: GET /contact with {} and HTTP headers {"HTTP_REFERER"=>"/help"}
D, [2014-06-28T13:02:15.511141 #5792] DEBUG -- : REQUESTING PAGE: GET / with {} and HTTP headers {"HTTP_REFERER"=>"/contact"}
D, [2014-06-28T13:02:15.539993 #5792] DEBUG -- : REQUESTING PAGE: GET /signup with {} and HTTP headers {"HTTP_REFERER"=>"/"}
D, [2014-06-28T13:02:15.688414 #5792] DEBUG -- : REQUESTING PAGE: GET / with {} and HTTP headers {}
D, [2014-06-28T13:07:14.736673 #5894] DEBUG -- : REQUESTING PAGE: GET / with {} and HTTP headers {}
D, [2014-06-28T13:07:14.764996 #5894] DEBUG -- : REQUESTING PAGE: GET /about with {} and HTTP headers {"HTTP_REFERER"=>"/"}
D, [2014-06-28T13:07:14.792360 #5894] DEBUG -- : REQUESTING PAGE: GET /help with {} and HTTP headers {"HTTP_REFERER"=>"/about"}
D, [2014-06-28T13:07:14.819243 #5894] DEBUG -- : REQUESTING PAGE: GET /contact with {} and HTTP headers {"HTTP_REFERER"=>"/help"}
D, [2014-06-28T13:07:14.846030 #5894] DEBUG -- : REQUESTING PAGE: GET / with {} and HTTP headers {"HTTP_REFERER"=>"/contact"}
D, [2014-06-28T13:07:14.934331 #5894] DEBUG -- : REQUESTING PAGE: GET /signup with {} and HTTP headers {"HTTP_REFERER"=>"/"}
D, [2014-06-28T13:07:14.969209 #5894] DEBUG -- : REQUESTING PAGE: GET / with {} and HTTP headers {}
D, [2014-06-28T13:07:15.266183 #5894] DEBUG -- : REQUESTING PAGE: GET /users/1/edit with {} and HTTP headers {}
D, [2014-06-28T13:07:15.272602 #5894] DEBUG -- : REQUESTING PAGE: GET http://www.example.com/signin with {} and HTTP headers {"HTTP_REFERER"=>"/users/1/edit"}
D, [2014-06-28T13:07:15.346519 #5894] DEBUG -- : REQUESTING PAGE: GET /signup with {} and HTTP headers {}
D, [2014-06-28T13:07:15.380478 #5894] DEBUG -- : REQUESTING PAGE: GET /signin with {} and HTTP headers {}
D, [2014-06-28T13:07:15.412326 #5894] DEBUG -- : REQUESTING PAGE: GET /signup with {} and HTTP headers {}
D, [2014-06-28T13:09:52.596875 #5954] DEBUG -- : REQUESTING PAGE: GET /users/1/edit with {} and HTTP headers {}
D, [2014-06-28T13:09:52.714509 #5954] DEBUG -- : REQUESTING PAGE: GET http://www.example.com/signin with {} and HTTP headers {"HTTP_REFERER"=>"/users/1/edit"}
D, [2014-06-28T13:09:52.951406 #5954] DEBUG -- : REQUESTING PAGE: GET / with {} and HTTP headers {}
D, [2014-06-28T13:09:52.983400 #5954] DEBUG -- : REQUESTING PAGE: GET /about with {} and HTTP headers {"HTTP_REFERER"=>"/"}
D, [2014-06-28T13:09:53.011580 #5954] DEBUG -- : REQUESTING PAGE: GET /help with {} and HTTP headers {"HTTP_REFERER"=>"/about"}
D, [2014-06-28T13:09:53.041157 #5954] DEBUG -- : REQUESTING PAGE: GET /contact with {} and HTTP headers {"HTTP_REFERER"=>"/help"}
D, [2014-06-28T13:09:53.126046 #5954] DEBUG -- : REQUESTING PAGE: GET / with {} and HTTP headers {"HTTP_REFERER"=>"/contact"}
D, [2014-06-28T13:09:53.154588 #5954] DEBUG -- : REQUESTING PAGE: GET /signup with {} and HTTP headers {"HTTP_REFERER"=>"/"}
D, [2014-06-28T13:09:53.310953 #5954] DEBUG -- : REQUESTING PAGE: GET / with {} and HTTP headers {}
D, [2014-06-28T13:09:56.145268 #5954] DEBUG -- : REQUESTING PAGE: GET /signin with {} and HTTP headers {}
D, [2014-06-28T13:09:56.177562 #5954] DEBUG -- : REQUESTING PAGE: GET /signup with {} and HTTP headers {}
D, [2014-06-28T13:09:56.273210 #5954] DEBUG -- : REQUESTING PAGE: GET /signup with {} and HTTP headers {}
D, [2014-06-28T13:11:10.243462 #5983] DEBUG -- : REQUESTING PAGE: GET /users/1/edit with {} and HTTP headers {}
D, [2014-06-28T13:11:10.291327 #5983] DEBUG -- : REQUESTING PAGE: GET http://www.example.com/signin with {} and HTTP headers {"HTTP_REFERER"=>"/users/1/edit"}
D, [2014-06-28T13:11:10.547327 #5983] DEBUG -- : REQUESTING PAGE: GET /signin with {} and HTTP headers {}
D, [2014-06-28T13:11:10.580628 #5983] DEBUG -- : REQUESTING PAGE: GET /signup with {} and HTTP headers {}
D, [2014-06-28T13:11:10.624461 #5983] DEBUG -- : REQUESTING PAGE: GET /signup with {} and HTTP headers {}
D, [2014-06-28T13:11:10.882423 #5983] DEBUG -- : REQUESTING PAGE: GET / with {} and HTTP headers {}
D, [2014-06-28T13:11:10.911025 #5983] DEBUG -- : REQUESTING PAGE: GET /about with {} and HTTP headers {"HTTP_REFERER"=>"/"}
D, [2014-06-28T13:11:10.938520 #5983] DEBUG -- : REQUESTING PAGE: GET /help with {} and HTTP headers {"HTTP_REFERER"=>"/about"}
D, [2014-06-28T13:11:10.965565 #5983] DEBUG -- : REQUESTING PAGE: GET /contact with {} and HTTP headers {"HTTP_REFERER"=>"/help"}
D, [2014-06-28T13:11:10.993701 #5983] DEBUG -- : REQUESTING PAGE: GET / with {} and HTTP headers {"HTTP_REFERER"=>"/contact"}
D, [2014-06-28T13:11:11.022351 #5983] DEBUG -- : REQUESTING PAGE: GET /signup with {} and HTTP headers {"HTTP_REFERER"=>"/"}
D, [2014-06-28T13:11:11.143244 #5983] DEBUG -- : REQUESTING PAGE: GET / with {} and HTTP headers {}
D, [2014-06-28T13:15:27.010424 #6048] DEBUG -- : REQUESTING PAGE: GET / with {} and HTTP headers {}
D, [2014-06-28T13:15:27.133508 #6048] DEBUG -- : REQUESTING PAGE: GET /about with {} and HTTP headers {"HTTP_REFERER"=>"/"}
D, [2014-06-28T13:15:27.210636 #6048] DEBUG -- : REQUESTING PAGE: GET /help with {} and HTTP headers {"HTTP_REFERER"=>"/about"}
D, [2014-06-28T13:15:27.240308 #6048] DEBUG -- : REQUESTING PAGE: GET /contact with {} and HTTP headers {"HTTP_REFERER"=>"/help"}
D, [2014-06-28T13:15:27.268673 #6048] DEBUG -- : REQUESTING PAGE: GET / with {} and HTTP headers {"HTTP_REFERER"=>"/contact"}
D, [2014-06-28T13:15:27.296704 #6048] DEBUG -- : REQUESTING PAGE: GET /signup with {} and HTTP headers {"HTTP_REFERER"=>"/"}
D, [2014-06-28T13:15:27.586070 #6048] DEBUG -- : REQUESTING PAGE: GET / with {} and HTTP headers {}
D, [2014-06-28T13:15:28.001683 #6048] DEBUG -- : REQUESTING PAGE: GET /signup with {} and HTTP headers {}
D, [2014-06-28T13:15:28.036333 #6048] DEBUG -- : REQUESTING PAGE: GET /signup with {} and HTTP headers {}
D, [2014-06-28T13:15:28.069693 #6048] DEBUG -- : REQUESTING PAGE: GET /signin with {} and HTTP headers {}
D, [2014-06-28T13:15:31.443063 #6048] DEBUG -- : REQUESTING PAGE: GET /users/1/edit with {} and HTTP headers {}
D, [2014-06-28T13:15:31.449249 #6048] DEBUG -- : REQUESTING PAGE: GET http://www.example.com/signin with {} and HTTP headers {"HTTP_REFERER"=>"/users/1/edit"}
D, [2014-06-28T13:18:58.503461 #6103] DEBUG -- : REQUESTING PAGE: GET /users/1/edit with {} and HTTP headers {}
D, [2014-06-28T13:18:58.551488 #6103] DEBUG -- : REQUESTING PAGE: GET http://www.example.com/signin with {} and HTTP headers {"HTTP_REFERER"=>"/users/1/edit"}
D, [2014-06-28T13:18:58.778001 #6103] DEBUG -- : REQUESTING PAGE: GET / with {} and HTTP headers {}
D, [2014-06-28T13:18:58.864993 #6103] DEBUG -- : REQUESTING PAGE: GET /about with {} and HTTP headers {"HTTP_REFERER"=>"/"}
D, [2014-06-28T13:18:58.893309 #6103] DEBUG -- : REQUESTING PAGE: GET /help with {} and HTTP headers {"HTTP_REFERER"=>"/about"}
D, [2014-06-28T13:18:58.920859 #6103] DEBUG -- : REQUESTING PAGE: GET /contact with {} and HTTP headers {"HTTP_REFERER"=>"/help"}
D, [2014-06-28T13:18:58.948178 #6103] DEBUG -- : REQUESTING PAGE: GET / with {} and HTTP headers {"HTTP_REFERER"=>"/contact"}
D, [2014-06-28T13:18:58.976319 #6103] DEBUG -- : REQUESTING PAGE: GET /signup with {} and HTTP headers {"HTTP_REFERER"=>"/"}
D, [2014-06-28T13:18:59.223461 #6103] DEBUG -- : REQUESTING PAGE: GET / with {} and HTTP headers {}
D, [2014-06-28T13:18:59.257272 #6103] DEBUG -- : REQUESTING PAGE: GET /signup with {} and HTTP headers {}
D, [2014-06-28T13:18:59.290831 #6103] DEBUG -- : REQUESTING PAGE: GET /signin with {} and HTTP headers {}
D, [2014-06-28T13:18:59.322542 #6103] DEBUG -- : REQUESTING PAGE: GET /signup with {} and HTTP headers {}
D, [2014-06-28T13:19:43.079128 #6118] DEBUG -- : REQUESTING PAGE: GET /users/1/edit with {} and HTTP headers {}
D, [2014-06-28T13:19:43.147473 #6118] DEBUG -- : REQUESTING PAGE: GET http://www.example.com/signin with {} and HTTP headers {"HTTP_REFERER"=>"/users/1/edit"}
D, [2014-06-28T13:19:43.266962 #6118] DEBUG -- : REQUESTING PAGE: GET / with {} and HTTP headers {}
D, [2014-06-28T13:19:43.299831 #6118] DEBUG -- : REQUESTING PAGE: GET /about with {} and HTTP headers {"HTTP_REFERER"=>"/"}
D, [2014-06-28T13:19:43.330085 #6118] DEBUG -- : REQUESTING PAGE: GET /help with {} and HTTP headers {"HTTP_REFERER"=>"/about"}
D, [2014-06-28T13:19:43.409845 #6118] DEBUG -- : REQUESTING PAGE: GET /contact with {} and HTTP headers {"HTTP_REFERER"=>"/help"}
D, [2014-06-28T13:19:43.438359 #6118] DEBUG -- : REQUESTING PAGE: GET / with {} and HTTP headers {"HTTP_REFERER"=>"/contact"}
D, [2014-06-28T13:19:43.466293 #6118] DEBUG -- : REQUESTING PAGE: GET /signup with {} and HTTP headers {"HTTP_REFERER"=>"/"}
D, [2014-06-28T13:19:43.715054 #6118] DEBUG -- : REQUESTING PAGE: GET / with {} and HTTP headers {}
D, [2014-06-28T13:19:43.749816 #6118] DEBUG -- : REQUESTING PAGE: GET /signup with {} and HTTP headers {}
D, [2014-06-28T13:19:43.783710 #6118] DEBUG -- : REQUESTING PAGE: GET /signup with {} and HTTP headers {}
D, [2014-06-28T13:19:43.816640 #6118] DEBUG -- : REQUESTING PAGE: GET /signin with {} and HTTP headers {}
D, [2014-06-28T13:21:24.773298 #6173] DEBUG -- : REQUESTING PAGE: GET / with {} and HTTP headers {}
D, [2014-06-28T13:21:24.803311 #6173] DEBUG -- : REQUESTING PAGE: GET /about with {} and HTTP headers {"HTTP_REFERER"=>"/"}
D, [2014-06-28T13:21:24.832047 #6173] DEBUG -- : REQUESTING PAGE: GET /help with {} and HTTP headers {"HTTP_REFERER"=>"/about"}
D, [2014-06-28T13:21:24.860487 #6173] DEBUG -- : REQUESTING PAGE: GET /contact with {} and HTTP headers {"HTTP_REFERER"=>"/help"}
D, [2014-06-28T13:21:24.888724 #6173] DEBUG -- : REQUESTING PAGE: GET / with {} and HTTP headers {"HTTP_REFERER"=>"/contact"}
D, [2014-06-28T13:21:24.916665 #6173] DEBUG -- : REQUESTING PAGE: GET /signup with {} and HTTP headers {"HTTP_REFERER"=>"/"}
D, [2014-06-28T13:21:25.098083 #6173] DEBUG -- : REQUESTING PAGE: GET / with {} and HTTP headers {}
D, [2014-06-28T13:21:25.133599 #6173] DEBUG -- : REQUESTING PAGE: GET /users/1/edit with {} and HTTP headers {}
D, [2014-06-28T13:21:25.139796 #6173] DEBUG -- : REQUESTING PAGE: GET http://www.example.com/signin with {} and HTTP headers {"HTTP_REFERER"=>"/users/1/edit"}
D, [2014-06-28T13:21:28.107701 #6173] DEBUG -- : REQUESTING PAGE: GET /signup with {} and HTTP headers {}
D, [2014-06-28T13:21:28.199695 #6173] DEBUG -- : REQUESTING PAGE: GET /signin with {} and HTTP headers {}
D, [2014-06-28T13:21:28.233882 #6173] DEBUG -- : REQUESTING PAGE: GET /signup with {} and HTTP headers {}
D, [2014-06-28T13:22:17.027365 #6191] DEBUG -- : REQUESTING PAGE: GET /signin with {} and HTTP headers {}
D, [2014-06-28T13:22:17.209609 #6191] DEBUG -- : REQUESTING PAGE: GET /signup with {} and HTTP headers {}
D, [2014-06-28T13:22:17.294236 #6191] DEBUG -- : REQUESTING PAGE: GET /signup with {} and HTTP headers {}
D, [2014-06-28T13:22:17.404589 #6191] DEBUG -- : REQUESTING PAGE: GET /users/1/edit with {} and HTTP headers {}
D, [2014-06-28T13:22:17.411110 #6191] DEBUG -- : REQUESTING PAGE: GET http://www.example.com/signin with {} and HTTP headers {"HTTP_REFERER"=>"/users/1/edit"}
D, [2014-06-28T13:22:20.528081 #6191] DEBUG -- : REQUESTING PAGE: GET / with {} and HTTP headers {}
D, [2014-06-28T13:22:20.556769 #6191] DEBUG -- : REQUESTING PAGE: GET /about with {} and HTTP headers {"HTTP_REFERER"=>"/"}
D, [2014-06-28T13:22:20.584335 #6191] DEBUG -- : REQUESTING PAGE: GET /help with {} and HTTP headers {"HTTP_REFERER"=>"/about"}
D, [2014-06-28T13:22:20.611425 #6191] DEBUG -- : REQUESTING PAGE: GET /contact with {} and HTTP headers {"HTTP_REFERER"=>"/help"}
D, [2014-06-28T13:22:20.638247 #6191] DEBUG -- : REQUESTING PAGE: GET / with {} and HTTP headers {"HTTP_REFERER"=>"/contact"}
D, [2014-06-28T13:22:20.666150 #6191] DEBUG -- : REQUESTING PAGE: GET /signup with {} and HTTP headers {"HTTP_REFERER"=>"/"}
D, [2014-06-28T13:22:20.698388 #6191] DEBUG -- : REQUESTING PAGE: GET / with {} and HTTP headers {}
D, [2014-06-28T13:26:52.437598 #6260] DEBUG -- : REQUESTING PAGE: GET /users/1/edit with {} and HTTP headers {}
D, [2014-06-28T13:26:52.485384 #6260] DEBUG -- : REQUESTING PAGE: GET http://www.example.com/signin with {} and HTTP headers {"HTTP_REFERER"=>"/users/1/edit"}
D, [2014-06-28T13:26:56.132063 #6260] DEBUG -- : REQUESTING PAGE: GET / with {} and HTTP headers {}
D, [2014-06-28T13:26:56.224008 #6260] DEBUG -- : REQUESTING PAGE: GET /about with {} and HTTP headers {"HTTP_REFERER"=>"/"}
D, [2014-06-28T13:26:56.251365 #6260] DEBUG -- : REQUESTING PAGE: GET /help with {} and HTTP headers {"HTTP_REFERER"=>"/about"}
D, [2014-06-28T13:26:56.278584 #6260] DEBUG -- : REQUESTING PAGE: GET /contact with {} and HTTP headers {"HTTP_REFERER"=>"/help"}
D, [2014-06-28T13:26:56.305518 #6260] DEBUG -- : REQUESTING PAGE: GET / with {} and HTTP headers {"HTTP_REFERER"=>"/contact"}
D, [2014-06-28T13:26:56.333612 #6260] DEBUG -- : REQUESTING PAGE: GET /signup with {} and HTTP headers {"HTTP_REFERER"=>"/"}
D, [2014-06-28T13:26:56.365325 #6260] DEBUG -- : REQUESTING PAGE: GET / with {} and HTTP headers {}
D, [2014-06-28T13:26:56.398330 #6260] DEBUG -- : REQUESTING PAGE: GET /signup with {} and HTTP headers {}
D, [2014-06-28T13:26:56.494895 #6260] DEBUG -- : REQUESTING PAGE: GET /signup with {} and HTTP headers {}
D, [2014-06-28T13:26:56.529071 #6260] DEBUG -- : REQUESTING PAGE: GET /signin with {} and HTTP headers {}
D, [2014-06-28T13:28:59.426357 #6296] DEBUG -- : REQUESTING PAGE: GET / with {} and HTTP headers {}
D, [2014-06-28T13:28:59.454538 #6296] DEBUG -- : REQUESTING PAGE: GET /about with {} and HTTP headers {"HTTP_REFERER"=>"/"}
D, [2014-06-28T13:28:59.540487 #6296] DEBUG -- : REQUESTING PAGE: GET /help with {} and HTTP headers {"HTTP_REFERER"=>"/about"}
D, [2014-06-28T13:28:59.568787 #6296] DEBUG -- : REQUESTING PAGE: GET /contact with {} and HTTP headers {"HTTP_REFERER"=>"/help"}
D, [2014-06-28T13:28:59.596232 #6296] DEBUG -- : REQUESTING PAGE: GET / with {} and HTTP headers {"HTTP_REFERER"=>"/contact"}
D, [2014-06-28T13:28:59.624634 #6296] DEBUG -- : REQUESTING PAGE: GET /signup with {} and HTTP headers {"HTTP_REFERER"=>"/"}
D, [2014-06-28T13:28:59.657244 #6296] DEBUG -- : REQUESTING PAGE: GET / with {} and HTTP headers {}
D, [2014-06-28T13:29:00.420122 #6296] DEBUG -- : REQUESTING PAGE: GET /users/1/edit with {} and HTTP headers {}
D, [2014-06-28T13:29:00.426434 #6296] DEBUG -- : REQUESTING PAGE: GET http://www.example.com/signin with {} and HTTP headers {"HTTP_REFERER"=>"/users/1/edit"}
D, [2014-06-28T13:29:00.457437 #6296] DEBUG -- : REQUESTING PAGE: GET /signup with {} and HTTP headers {}
D, [2014-06-28T13:29:00.552915 #6296] DEBUG -- : REQUESTING PAGE: GET /signup with {} and HTTP headers {}
D, [2014-06-28T13:29:00.587124 #6296] DEBUG -- : REQUESTING PAGE: GET /signin with {} and HTTP headers {}
D, [2014-06-28T13:30:21.110245 #6318] DEBUG -- : REQUESTING PAGE: GET / with {} and HTTP headers {}
D, [2014-06-28T13:30:21.144138 #6318] DEBUG -- : REQUESTING PAGE: GET /about with {} and HTTP headers {"HTTP_REFERER"=>"/"}
D, [2014-06-28T13:30:21.171396 #6318] DEBUG -- : REQUESTING PAGE: GET /help with {} and HTTP headers {"HTTP_REFERER"=>"/about"}
D, [2014-06-28T13:30:21.198415 #6318] DEBUG -- : REQUESTING PAGE: GET /contact with {} and HTTP headers {"HTTP_REFERER"=>"/help"}
D, [2014-06-28T13:30:21.225126 #6318] DEBUG -- : REQUESTING PAGE: GET / with {} and HTTP headers {"HTTP_REFERER"=>"/contact"}
D, [2014-06-28T13:30:21.252919 #6318] DEBUG -- : REQUESTING PAGE: GET /signup with {} and HTTP headers {"HTTP_REFERER"=>"/"}
D, [2014-06-28T13:30:21.285372 #6318] DEBUG -- : REQUESTING PAGE: GET / with {} and HTTP headers {}
D, [2014-06-28T13:30:24.170478 #6318] DEBUG -- : REQUESTING PAGE: GET /users/1/edit with {} and HTTP headers {}
D, [2014-06-28T13:30:24.177062 #6318] DEBUG -- : REQUESTING PAGE: GET http://www.example.com/signin with {} and HTTP headers {"HTTP_REFERER"=>"/users/1/edit"}
D, [2014-06-28T13:30:24.248358 #6318] DEBUG -- : REQUESTING PAGE: GET /signup with {} and HTTP headers {}
D, [2014-06-28T13:30:24.344418 #6318] DEBUG -- : REQUESTING PAGE: GET /signup with {} and HTTP headers {}
D, [2014-06-28T13:30:24.378641 #6318] DEBUG -- : REQUESTING PAGE: GET /signin with {} and HTTP headers {}
D, [2014-06-28T13:30:53.861950 #6343] DEBUG -- : REQUESTING PAGE: GET /signin with {} and HTTP headers {}
D, [2014-06-28T13:30:54.044375 #6343] DEBUG -- : REQUESTING PAGE: GET /signup with {} and HTTP headers {}
D, [2014-06-28T13:30:54.128939 #6343] DEBUG -- : REQUESTING PAGE: GET /signup with {} and HTTP headers {}
D, [2014-06-28T13:30:54.375175 #6343] DEBUG -- : REQUESTING PAGE: GET / with {} and HTTP headers {}
D, [2014-06-28T13:30:54.403008 #6343] DEBUG -- : REQUESTING PAGE: GET /about with {} and HTTP headers {"HTTP_REFERER"=>"/"}
D, [2014-06-28T13:30:54.430126 #6343] DEBUG -- : REQUESTING PAGE: GET /help with {} and HTTP headers {"HTTP_REFERER"=>"/about"}
D, [2014-06-28T13:30:54.456988 #6343] DEBUG -- : REQUESTING PAGE: GET /contact with {} and HTTP headers {"HTTP_REFERER"=>"/help"}
D, [2014-06-28T13:30:54.484584 #6343] DEBUG -- : REQUESTING PAGE: GET / with {} and HTTP headers {"HTTP_REFERER"=>"/contact"}
D, [2014-06-28T13:30:54.572814 #6343] DEBUG -- : REQUESTING PAGE: GET /signup with {} and HTTP headers {"HTTP_REFERER"=>"/"}
D, [2014-06-28T13:30:54.606647 #6343] DEBUG -- : REQUESTING PAGE: GET / with {} and HTTP headers {}
D, [2014-06-28T13:30:58.141865 #6343] DEBUG -- : REQUESTING PAGE: GET /users/1/edit with {} and HTTP headers {}
D, [2014-06-28T13:30:58.148541 #6343] DEBUG -- : REQUESTING PAGE: GET http://www.example.com/signin with {} and HTTP headers {"HTTP_REFERER"=>"/users/1/edit"}
D, [2014-06-28T13:31:42.731236 #6352] DEBUG -- : REQUESTING PAGE: GET /users/1/edit with {} and HTTP headers {}
D, [2014-06-28T13:31:42.779377 #6352] DEBUG -- : REQUESTING PAGE: GET http://www.example.com/signin with {} and HTTP headers {"HTTP_REFERER"=>"/users/1/edit"}
D, [2014-06-28T13:31:42.972739 #6352] DEBUG -- : REQUESTING PAGE: GET / with {} and HTTP headers {}
D, [2014-06-28T13:31:43.001211 #6352] DEBUG -- : REQUESTING PAGE: GET /about with {} and HTTP headers {"HTTP_REFERER"=>"/"}
D, [2014-06-28T13:31:43.027969 #6352] DEBUG -- : REQUESTING PAGE: GET /help with {} and HTTP headers {"HTTP_REFERER"=>"/about"}
D, [2014-06-28T13:31:43.054689 #6352] DEBUG -- : REQUESTING PAGE: GET /contact with {} and HTTP headers {"HTTP_REFERER"=>"/help"}
D, [2014-06-28T13:31:43.082367 #6352] DEBUG -- : REQUESTING PAGE: GET / with {} and HTTP headers {"HTTP_REFERER"=>"/contact"}
D, [2014-06-28T13:31:43.169714 #6352] DEBUG -- : REQUESTING PAGE: GET /signup with {} and HTTP headers {"HTTP_REFERER"=>"/"}
D, [2014-06-28T13:31:43.271996 #6352] DEBUG -- : REQUESTING PAGE: GET / with {} and HTTP headers {}
D, [2014-06-28T13:31:46.337637 #6352] DEBUG -- : REQUESTING PAGE: GET /signup with {} and HTTP headers {}
D, [2014-06-28T13:31:46.372032 #6352] DEBUG -- : REQUESTING PAGE: GET /signup with {} and HTTP headers {}
D, [2014-06-28T13:31:46.405272 #6352] DEBUG -- : REQUESTING PAGE: GET /signin with {} and HTTP headers {}
D, [2014-06-28T13:33:50.954362 #6382] DEBUG -- : REQUESTING PAGE: GET /signup with {} and HTTP headers {}
D, [2014-06-28T13:33:51.178259 #6382] DEBUG -- : REQUESTING PAGE: GET /signup with {} and HTTP headers {}
D, [2014-06-28T13:33:51.212708 #6382] DEBUG -- : REQUESTING PAGE: GET /signin with {} and HTTP headers {}
D, [2014-06-28T13:33:51.995552 #6382] DEBUG -- : REQUESTING PAGE: GET /users/1/edit with {} and HTTP headers {}
D, [2014-06-28T13:33:52.001807 #6382] DEBUG -- : REQUESTING PAGE: GET http://www.example.com/signin with {} and HTTP headers {"HTTP_REFERER"=>"/users/1/edit"}
D, [2014-06-28T13:33:52.249206 #6382] DEBUG -- : REQUESTING PAGE: GET / with {} and HTTP headers {}
D, [2014-06-28T13:33:52.277862 #6382] DEBUG -- : REQUESTING PAGE: GET /about with {} and HTTP headers {"HTTP_REFERER"=>"/"}
D, [2014-06-28T13:33:52.305127 #6382] DEBUG -- : REQUESTING PAGE: GET /help with {} and HTTP headers {"HTTP_REFERER"=>"/about"}
D, [2014-06-28T13:33:52.332000 #6382] DEBUG -- : REQUESTING PAGE: GET /contact with {} and HTTP headers {"HTTP_REFERER"=>"/help"}
D, [2014-06-28T13:33:52.358694 #6382] DEBUG -- : REQUESTING PAGE: GET / with {} and HTTP headers {"HTTP_REFERER"=>"/contact"}
D, [2014-06-28T13:33:52.386397 #6382] DEBUG -- : REQUESTING PAGE: GET /signup with {} and HTTP headers {"HTTP_REFERER"=>"/"}
D, [2014-06-28T13:33:52.417698 #6382] DEBUG -- : REQUESTING PAGE: GET / with {} and HTTP headers {}
D, [2014-06-28T13:35:11.566722 #6407] DEBUG -- : REQUESTING PAGE: GET /signup with {} and HTTP headers {}
D, [2014-06-28T13:35:11.640966 #6407] DEBUG -- : REQUESTING PAGE: GET /signup with {} and HTTP headers {}
D, [2014-06-28T13:35:11.674199 #6407] DEBUG -- : REQUESTING PAGE: GET /signin with {} and HTTP headers {}
D, [2014-06-28T13:35:11.858825 #6407] DEBUG -- : REQUESTING PAGE: GET /users/1/edit with {} and HTTP headers {}
D, [2014-06-28T13:35:11.865076 #6407] DEBUG -- : REQUESTING PAGE: GET http://www.example.com/signin with {} and HTTP headers {"HTTP_REFERER"=>"/users/1/edit"}
D, [2014-06-28T13:35:12.825518 #6407] DEBUG -- : REQUESTING PAGE: GET / with {} and HTTP headers {}
D, [2014-06-28T13:35:12.853673 #6407] DEBUG -- : REQUESTING PAGE: GET /about with {} and HTTP headers {"HTTP_REFERER"=>"/"}
D, [2014-06-28T13:35:12.881023 #6407] DEBUG -- : REQUESTING PAGE: GET /help with {} and HTTP headers {"HTTP_REFERER"=>"/about"}
D, [2014-06-28T13:35:12.908036 #6407] DEBUG -- : REQUESTING PAGE: GET /contact with {} and HTTP headers {"HTTP_REFERER"=>"/help"}
D, [2014-06-28T13:35:12.934735 #6407] DEBUG -- : REQUESTING PAGE: GET / with {} and HTTP headers {"HTTP_REFERER"=>"/contact"}
D, [2014-06-28T13:35:13.024164 #6407] DEBUG -- : REQUESTING PAGE: GET /signup with {} and HTTP headers {"HTTP_REFERER"=>"/"}
D, [2014-06-28T13:35:13.085383 #6407] DEBUG -- : REQUESTING PAGE: GET / with {} and HTTP headers {}
